[2024-09-07T10:18:01.316+0000] {manager.py:486} INFO - Processing files using up to 2 processes at a time 
[2024-09-07T10:18:01.318+0000] {manager.py:487} INFO - Process each file at most once every 30 seconds
[2024-09-07T10:18:01.319+0000] {manager.py:488} INFO - Checking for new files in /opt/airflow/dags every 300 seconds
[2024-09-07T10:18:01.320+0000] {manager.py:832} INFO - Searching for files in /opt/airflow/dags
[2024-09-07T10:18:01.325+0000] {manager.py:835} INFO - There are 0 files in /opt/airflow/dags
[2024-09-07T10:23:01.904+0000] {manager.py:832} INFO - Searching for files in /opt/airflow/dags
[2024-09-07T10:23:01.909+0000] {manager.py:835} INFO - There are 0 files in /opt/airflow/dags
[2024-09-07T10:26:13.821+0000] {manager.py:468} INFO - Exiting gracefully upon receiving signal 15
[2024-09-10T00:39:56.728+0000] {manager.py:470} INFO - Processing files using up to 2 processes at a time 
[2024-09-10T00:39:56.734+0000] {manager.py:471} INFO - Process each file at most once every 30 seconds
[2024-09-10T00:39:56.735+0000] {manager.py:472} INFO - Checking for new files in /opt/airflow/dags every 300 seconds
[2024-09-10T00:39:56.737+0000] {manager.py:737} INFO - Searching for files in /opt/airflow/dags
[2024-09-10T00:39:56.740+0000] {manager.py:740} INFO - There are 0 files in /opt/airflow/dags
[2024-09-10T00:44:57.241+0000] {manager.py:737} INFO - Searching for files in /opt/airflow/dags
[2024-09-10T00:44:57.251+0000] {manager.py:740} INFO - There are 0 files in /opt/airflow/dags
[2024-09-10T00:49:57.338+0000] {manager.py:737} INFO - Searching for files in /opt/airflow/dags
[2024-09-10T00:49:57.348+0000] {manager.py:740} INFO - There are 0 files in /opt/airflow/dags
[2024-09-10T00:54:57.433+0000] {manager.py:737} INFO - Searching for files in /opt/airflow/dags
[2024-09-10T00:54:57.440+0000] {manager.py:740} INFO - There are 0 files in /opt/airflow/dags
[2024-09-10T00:59:07.945+0000] {manager.py:452} INFO - Exiting gracefully upon receiving signal 15
[2024-09-10T01:00:25.984+0000] {manager.py:470} INFO - Processing files using up to 2 processes at a time 
[2024-09-10T01:00:25.985+0000] {manager.py:471} INFO - Process each file at most once every 30 seconds
[2024-09-10T01:00:25.986+0000] {manager.py:472} INFO - Checking for new files in /opt/airflow/dags every 300 seconds
[2024-09-10T01:00:25.986+0000] {manager.py:737} INFO - Searching for files in /opt/airflow/dags
[2024-09-10T01:00:25.990+0000] {manager.py:740} INFO - There are 0 files in /opt/airflow/dags
[2024-09-10T01:05:26.151+0000] {manager.py:737} INFO - Searching for files in /opt/airflow/dags
[2024-09-10T01:05:26.164+0000] {manager.py:740} INFO - There are 0 files in /opt/airflow/dags
[2024-09-10T01:08:04.030+0000] {manager.py:452} INFO - Exiting gracefully upon receiving signal 15
[2024-09-10T05:59:30.966+0000] {manager.py:470} INFO - Processing files using up to 2 processes at a time 
[2024-09-10T05:59:30.980+0000] {manager.py:471} INFO - Process each file at most once every 30 seconds
[2024-09-10T05:59:30.981+0000] {manager.py:472} INFO - Checking for new files in /opt/airflow/dags every 300 seconds
[2024-09-10T05:59:30.982+0000] {manager.py:737} INFO - Searching for files in /opt/airflow/dags
[2024-09-10T05:59:31.001+0000] {manager.py:740} INFO - There are 0 files in /opt/airflow/dags
[2024-09-10T06:00:02.813+0000] {manager.py:452} INFO - Exiting gracefully upon receiving signal 15
[2024-09-10T06:00:18.217+0000] {manager.py:470} INFO - Processing files using up to 2 processes at a time 
[2024-09-10T06:00:18.219+0000] {manager.py:471} INFO - Process each file at most once every 30 seconds
[2024-09-10T06:00:18.219+0000] {manager.py:472} INFO - Checking for new files in /opt/airflow/dags every 300 seconds
[2024-09-10T06:00:18.220+0000] {manager.py:737} INFO - Searching for files in /opt/airflow/dags
[2024-09-10T06:00:18.224+0000] {manager.py:740} INFO - There are 0 files in /opt/airflow/dags
[2024-09-10T06:01:58.576+0000] {manager.py:452} INFO - Exiting gracefully upon receiving signal 15
